<?xml version="1.0" encoding="UTF-8"?>
<!-- Generated by org.testng.reporters.JUnitReportReporter -->
<testsuite skipped="0" hostname="sandesmo01" name="com.training.tests.SearchCustomer" tests="1" failures="0" timestamp="23 Aug 2018 11:12:49 GMT" time="9.073" errors="0">
  <testcase name="verify" time="9.073" classname="com.training.tests.SearchCustomer"/>
</testsuite> <!-- com.training.tests.SearchCustomer -->
